<?xml version="1.0" encoding="UTF-8"?>
<!-- Generated by org.testng.reporters.JUnitXMLReporter -->
<testsuite hostname="PC6" name="TestCase1" tests="1" failures="0" timestamp="9 Aug 2016 03:26:16 GMT" time="0.01" errors="0">
  <testcase name="@BeforeSuite setUp" time="0.0" classname="com.appium.test.TestCase_One">
    <failure type="java.lang.NoClassDefFoundError" message="libraries/mobile/AppiumServerManager">
      <![CDATA[java.lang.NoClassDefFoundError: libraries/mobile/AppiumServerManager
	at com.appium.test.TestBase.config(TestBase.java:93)
	at com.appium.test.TestCase_One.setUp(TestCase_One.java:14)
Caused by: java.lang.ClassNotFoundException: libraries.mobile.AppiumServerManager
	at java.net.URLClassLoader.findClass(URLClassLoader.java:381)
	at java.lang.ClassLoader.loadClass(ClassLoader.java:424)
	at sun.misc.Launcher$AppClassLoader.loadClass(Launcher.java:331)
	at java.lang.ClassLoader.loadClass(ClassLoader.java:357)
	... 20 more
... Removed 18 stack frames]]>
    </failure>
  </testcase> <!-- @BeforeSuite setUp -->
  <testcase name="@BeforeMethod testBed" time="0.0" classname="com.appium.test.TestCase_One">
    <skipped/>
  </testcase> <!-- @BeforeMethod testBed -->
  <testcase name="testCase2" time="0.001" classname="com.appium.test.TestCase_One">
    <skipped/>
  </testcase> <!-- testCase2 -->
</testsuite> <!-- TestCase1 -->
