<?xml version="1.0" encoding="UTF-8"?>
<testng-results skipped="0" failed="0" total="1" passed="1">
  <reporter-output>
  </reporter-output>
  <suite name="Default suite" duration-ms="67854" started-at="2016-08-15T07:10:25Z" finished-at="2016-08-15T07:11:33Z">
    <groups>
      <group name="function">
        <method signature="TestCase_One8.testCase()[pri:0, instance:com.appium.test.TestCase_One8@2d928643]" name="testCase" class="com.appium.test.TestCase_One8"/>
      </group> <!-- function -->
    </groups>
    <test name="Default test" duration-ms="67854" started-at="2016-08-15T07:10:25Z" finished-at="2016-08-15T07:11:33Z">
      <class name="com.appium.test.TestCase_One8">
        <test-method status="PASS" signature="setUp()[pri:0, instance:com.appium.test.TestCase_One8@2d928643]" name="setUp" is-config="true" duration-ms="18180" started-at="2016-08-15T14:10:25Z" finished-at="2016-08-15T14:10:44Z">
          <reporter-output>
          </reporter-output>
        </test-method> <!-- setUp -->
        <test-method status="PASS" signature="testBed()[pri:0, instance:com.appium.test.TestCase_One8@2d928643]" name="testBed" is-config="true" duration-ms="16667" started-at="2016-08-15T14:10:44Z" finished-at="2016-08-15T14:11:00Z">
          <reporter-output>
          </reporter-output>
        </test-method> <!-- testBed -->
        <test-method status="PASS" signature="testCase()[pri:0, instance:com.appium.test.TestCase_One8@2d928643]" name="testCase" duration-ms="28568" started-at="2016-08-15T14:11:00Z" description="Dang Tin" finished-at="2016-08-15T14:11:29Z">
          <reporter-output>
          </reporter-output>
        </test-method> <!-- testCase -->
        <test-method status="PASS" signature="testClean()[pri:0, instance:com.appium.test.TestCase_One8@2d928643]" name="testClean" is-config="true" duration-ms="924" started-at="2016-08-15T14:11:29Z" finished-at="2016-08-15T14:11:30Z">
          <reporter-output>
          </reporter-output>
        </test-method> <!-- testClean -->
        <test-method status="PASS" signature="tearDown()[pri:0, instance:com.appium.test.TestCase_One8@2d928643]" name="tearDown" is-config="true" duration-ms="3503" started-at="2016-08-15T14:11:30Z" finished-at="2016-08-15T14:11:33Z">
          <reporter-output>
          </reporter-output>
        </test-method> <!-- tearDown -->
      </class> <!-- com.appium.test.TestCase_One8 -->
    </test> <!-- Default test -->
  </suite> <!-- Default suite -->
</testng-results>
